2014-12-03 14:44:19.950 [main] ERROR com.libsensorj.concretesensor.DHT11Humidity - Exception: Could not read the sensor at pin %d
java.io.IOException: Cannot run program "Adafruit_DHT": error=2, Arquivo ou diret처rio n찾o encontrado
	at java.lang.ProcessBuilder.start(ProcessBuilder.java:1047) ~[?:1.7.0_67]
	at java.lang.Runtime.exec(Runtime.java:617) ~[?:1.7.0_67]
	at java.lang.Runtime.exec(Runtime.java:450) ~[?:1.7.0_67]
	at java.lang.Runtime.exec(Runtime.java:347) ~[?:1.7.0_67]
	at com.libsensorj.concretesensor.DHT11Humidity.readValues(DHT11Humidity.java:148) [?:?]
	at sun.reflect.NativeMethodAccessorImpl.invoke0(Native Method) ~[?:1.7.0_67]
	at sun.reflect.NativeMethodAccessorImpl.invoke(NativeMethodAccessorImpl.java:57) ~[?:1.7.0_67]
	at sun.reflect.DelegatingMethodAccessorImpl.invoke(DelegatingMethodAccessorImpl.java:43) ~[?:1.7.0_67]
	at java.lang.reflect.Method.invoke(Method.java:606) ~[?:1.7.0_67]
	at org.powermock.api.mockito.internal.invocation.MockitoMethodInvocationControl$1.invoke(MockitoMethodInvocationControl.java:242) [?:?]
	at org.mockito.internal.invocation.realmethod.FilteredCGLIBProxyRealMethod.invoke(FilteredCGLIBProxyRealMethod.java:27) [?:?]
	at org.mockito.internal.invocation.InvocationImpl.callRealMethod(InvocationImpl.java:108) [?:?]
	at org.mockito.internal.stubbing.answers.CallsRealMethods.answer(CallsRealMethods.java:36) [?:?]
	at org.mockito.internal.handler.MockHandlerImpl.handle(MockHandlerImpl.java:93) [?:?]
	at org.powermock.api.mockito.internal.invocation.MockitoMethodInvocationControl.performIntercept(MockitoMethodInvocationControl.java:260) [?:?]
	at org.powermock.api.mockito.internal.invocation.MockitoMethodInvocationControl.invoke(MockitoMethodInvocationControl.java:192) [?:?]
	at org.powermock.core.MockGateway.doMethodCall(MockGateway.java:123) [powermock-core-1.5.6.jar:?]
	at org.powermock.core.MockGateway.methodCall(MockGateway.java:188) [powermock-core-1.5.6.jar:?]
	at com.libsensorj.concretesensor.DHT11Humidity.readValues(DHT11Humidity.java) [?:?]
	at sun.reflect.NativeMethodAccessorImpl.invoke0(Native Method) ~[?:1.7.0_67]
	at sun.reflect.NativeMethodAccessorImpl.invoke(NativeMethodAccessorImpl.java:57) ~[?:1.7.0_67]
	at sun.reflect.DelegatingMethodAccessorImpl.invoke(DelegatingMethodAccessorImpl.java:43) ~[?:1.7.0_67]
	at java.lang.reflect.Method.invoke(Method.java:606) ~[?:1.7.0_67]
	at org.powermock.api.mockito.internal.expectation.DefaultMethodExpectationSetup.withNoArguments(DefaultMethodExpectationSetup.java:52) [?:?]
	at com.libsensorj.concretesensor.test.DHT11HumidityTests.testGetHumidity(DHT11HumidityTests.java:107) [?:?]
	at sun.reflect.NativeMethodAccessorImpl.invoke0(Native Method) ~[?:1.7.0_67]
	at sun.reflect.NativeMethodAccessorImpl.invoke(NativeMethodAccessorImpl.java:57) ~[?:1.7.0_67]
	at sun.reflect.DelegatingMethodAccessorImpl.invoke(DelegatingMethodAccessorImpl.java:43) ~[?:1.7.0_67]
	at java.lang.reflect.Method.invoke(Method.java:606) ~[?:1.7.0_67]
	at org.junit.internal.runners.TestMethod.invoke(TestMethod.java:68) [junit-4.11.jar:?]
	at org.powermock.modules.junit4.internal.impl.PowerMockJUnit44RunnerDelegateImpl$PowerMockJUnit44MethodRunner.runTestMethod(PowerMockJUnit44RunnerDelegateImpl.java:310) [?:?]
	at org.junit.internal.runners.MethodRoadie$2.run(MethodRoadie.java:88) [junit-4.11.jar:?]
	at org.junit.internal.runners.MethodRoadie.runBeforesThenTestThenAfters(MethodRoadie.java:96) [junit-4.11.jar:?]
	at org.powermock.modules.junit4.internal.impl.PowerMockJUnit44RunnerDelegateImpl$PowerMockJUnit44MethodRunner.executeTest(PowerMockJUnit44RunnerDelegateImpl.java:294) [?:?]
	at org.powermock.modules.junit4.internal.impl.PowerMockJUnit47RunnerDelegateImpl$PowerMockJUnit47MethodRunner.executeTestInSuper(PowerMockJUnit47RunnerDelegateImpl.java:127) [?:?]
	at org.powermock.modules.junit4.internal.impl.PowerMockJUnit47RunnerDelegateImpl$PowerMockJUnit47MethodRunner.executeTest(PowerMockJUnit47RunnerDelegateImpl.java:82) [?:?]
	at org.powermock.modules.junit4.internal.impl.PowerMockJUnit44RunnerDelegateImpl$PowerMockJUnit44MethodRunner.runBeforesThenTestThenAfters(PowerMockJUnit44RunnerDelegateImpl.java:282) [?:?]
	at org.junit.internal.runners.MethodRoadie.runTest(MethodRoadie.java:86) [junit-4.11.jar:?]
	at org.junit.internal.runners.MethodRoadie.run(MethodRoadie.java:49) [junit-4.11.jar:?]
	at org.powermock.modules.junit4.internal.impl.PowerMockJUnit44RunnerDelegateImpl.invokeTestMethod(PowerMockJUnit44RunnerDelegateImpl.java:207) [?:?]
	at org.powermock.modules.junit4.internal.impl.PowerMockJUnit44RunnerDelegateImpl.runMethods(PowerMockJUnit44RunnerDelegateImpl.java:146) [?:?]
	at org.powermock.modules.junit4.internal.impl.PowerMockJUnit44RunnerDelegateImpl$1.run(PowerMockJUnit44RunnerDelegateImpl.java:120) [?:?]
	at org.junit.internal.runners.ClassRoadie.runUnprotected(ClassRoadie.java:33) [junit-4.11.jar:?]
	at org.junit.internal.runners.ClassRoadie.runProtected(ClassRoadie.java:45) [junit-4.11.jar:?]
	at org.powermock.modules.junit4.internal.impl.PowerMockJUnit44RunnerDelegateImpl.run(PowerMockJUnit44RunnerDelegateImpl.java:122) [?:?]
	at org.powermock.modules.junit4.common.internal.impl.JUnit4TestSuiteChunkerImpl.run(JUnit4TestSuiteChunkerImpl.java:104) [powermock-module-junit4-common-1.5.6.jar:?]
	at org.powermock.modules.junit4.common.internal.impl.AbstractCommonPowerMockRunner.run(AbstractCommonPowerMockRunner.java:53) [powermock-module-junit4-common-1.5.6.jar:?]
	at org.powermock.modules.junit4.PowerMockRunner.run(PowerMockRunner.java:53) [powermock-module-junit4-1.5.6.jar:?]
	at org.eclipse.jdt.internal.junit4.runner.JUnit4TestReference.run(JUnit4TestReference.java:50) [.cp/:?]
	at org.eclipse.jdt.internal.junit.runner.TestExecution.run(TestExecution.java:38) [.cp/:?]
	at org.eclipse.jdt.internal.junit.runner.RemoteTestRunner.runTests(RemoteTestRunner.java:467) [.cp/:?]
	at org.eclipse.jdt.internal.junit.runner.RemoteTestRunner.runTests(RemoteTestRunner.java:683) [.cp/:?]
	at org.eclipse.jdt.internal.junit.runner.RemoteTestRunner.run(RemoteTestRunner.java:390) [.cp/:?]
	at org.eclipse.jdt.internal.junit.runner.RemoteTestRunner.main(RemoteTestRunner.java:197) [.cp/:?]
Caused by: java.io.IOException: error=2, Arquivo ou diret처rio n찾o encontrado
	at java.lang.UNIXProcess.forkAndExec(Native Method) ~[?:1.7.0_67]
	at java.lang.UNIXProcess.<init>(UNIXProcess.java:186) ~[?:1.7.0_67]
	at java.lang.ProcessImpl.start(ProcessImpl.java:130) ~[?:1.7.0_67]
	at java.lang.ProcessBuilder.start(ProcessBuilder.java:1028) ~[?:1.7.0_67]
	... 53 more
